# JRE version: Java(TM) SE Runtime Environment (8.0_311-b11) (build 1.8.0_311-b11)
# Java VM: Java HotSpot(TM) 64-Bit Server VM (25.311-b11 mixed mode windows-amd64 compressed oops)
Heap:
 PSYoungGen      total 120832K, used 32278K [0x00000000f5580000, 0x00000000fff00000, 0x0000000100000000)
  eden space 108032K, 23% used [0x00000000f5580000,0x00000000f6e7a2f0,0x00000000fbf00000)
  from space 12800K, 52% used [0x00000000fcb00000,0x00000000fd18b5b8,0x00000000fd780000)
  to   space 12288K, 0% used [0x00000000fbf00000,0x00000000fbf00000,0x00000000fcb00000)
 ParOldGen       total 175104K, used 13823K [0x00000000e0000000, 0x00000000eab00000, 0x00000000f5580000)
  object space 175104K, 7% used [0x00000000e0000000,0x00000000e0d7fca8,0x00000000eab00000)
 Metaspace       used 41298K, capacity 43248K, committed 43520K, reserved 1087488K
  class space    used 5942K, capacity 6315K, committed 6400K, reserved 1048576K
GC Heap History (10 events):
Event: 19.445 GC heap before
{Heap before GC invocations=6 (full 1):
 PSYoungGen      total 76288K, used 65536K [0x00000000f5580000, 0x00000000fea80000, 0x0000000100000000)
  eden space 65536K, 100% used [0x00000000f5580000,0x00000000f9580000,0x00000000f9580000)
  from space 10752K, 0% used [0x00000000fa000000,0x00000000fa000000,0x00000000faa80000)
  to   space 10752K, 0% used [0x00000000f9580000,0x00000000f9580000,0x00000000fa000000)
 ParOldGen       total 175104K, used 8183K [0x00000000e0000000, 0x00000000eab00000, 0x00000000f5580000)
  object space 175104K, 4% used [0x00000000e0000000,0x00000000e07fdc50,0x00000000eab00000)
 Metaspace       used 24553K, capacity 25516K, committed 25728K, reserved 1071104K
  class space    used 3635K, capacity 3846K, committed 3968K, reserved 1048576K
Event: 19.451 GC heap after
Heap after GC invocations=6 (full 1):
 PSYoungGen      total 76288K, used 5113K [0x00000000f5580000, 0x00000000fd780000, 0x0000000100000000)
  eden space 65536K, 0% used [0x00000000f5580000,0x00000000f5580000,0x00000000f9580000)
  from space 10752K, 47% used [0x00000000f9580000,0x00000000f9a7e7f0,0x00000000fa000000)
  to   space 12800K, 0% used [0x00000000fcb00000,0x00000000fcb00000,0x00000000fd780000)
 ParOldGen       total 175104K, used 8191K [0x00000000e0000000, 0x00000000eab00000, 0x00000000f5580000)
  object space 175104K, 4% used [0x00000000e0000000,0x00000000e07ffc50,0x00000000eab00000)
 Metaspace       used 24553K, capacity 25516K, committed 25728K, reserved 1071104K
  class space    used 3635K, capacity 3846K, committed 3968K, reserved 1048576K
}
Event: 21.968 GC heap before
{Heap before GC invocations=7 (full 1):
 PSYoungGen      total 76288K, used 70649K [0x00000000f5580000, 0x00000000fd780000, 0x0000000100000000)
  eden space 65536K, 100% used [0x00000000f5580000,0x00000000f9580000,0x00000000f9580000)
  from space 10752K, 47% used [0x00000000f9580000,0x00000000f9a7e7f0,0x00000000fa000000)
  to   space 12800K, 0% used [0x00000000fcb00000,0x00000000fcb00000,0x00000000fd780000)
 ParOldGen       total 175104K, used 8191K [0x00000000e0000000, 0x00000000eab00000, 0x00000000f5580000)
  object space 175104K, 4% used [0x00000000e0000000,0x00000000e07ffc50,0x00000000eab00000)
 Metaspace       used 32850K, capacity 34192K, committed 34432K, reserved 1079296K
  class space    used 4662K, capacity 4965K, committed 4992K, reserved 1048576K
Event: 22.010 GC heap after
Heap after GC invocations=7 (full 1):
 PSYoungGen      total 120320K, used 9658K [0x00000000f5580000, 0x00000000fd800000, 0x0000000100000000)
  eden space 107520K, 0% used [0x00000000f5580000,0x00000000f5580000,0x00000000fbe80000)
  from space 12800K, 75% used [0x00000000fcb00000,0x00000000fd46eb58,0x00000000fd780000)
  to   space 12800K, 0% used [0x00000000fbe80000,0x00000000fbe80000,0x00000000fcb00000)
 ParOldGen       total 175104K, used 8199K [0x00000000e0000000, 0x00000000eab00000, 0x00000000f5580000)
  object space 175104K, 4% used [0x00000000e0000000,0x00000000e0801c50,0x00000000eab00000)
 Metaspace       used 32850K, capacity 34192K, committed 34432K, reserved 1079296K
  class space    used 4662K, capacity 4965K, committed 4992K, reserved 1048576K
}
Event: 22.307 GC heap before
{Heap before GC invocations=8 (full 1):
 PSYoungGen      total 120320K, used 28422K [0x00000000f5580000, 0x00000000fd800000, 0x0000000100000000)
  eden space 107520K, 17% used [0x00000000f5580000,0x00000000f67d3040,0x00000000fbe80000)
  from space 12800K, 75% used [0x00000000fcb00000,0x00000000fd46eb58,0x00000000fd780000)
  to   space 12800K, 0% used [0x00000000fbe80000,0x00000000fbe80000,0x00000000fcb00000)
 ParOldGen       total 175104K, used 8199K [0x00000000e0000000, 0x00000000eab00000, 0x00000000f5580000)
  object space 175104K, 4% used [0x00000000e0000000,0x00000000e0801c50,0x00000000eab00000)
 Metaspace       used 33956K, capacity 35286K, committed 35456K, reserved 1079296K
  class space    used 4845K, capacity 5132K, committed 5248K, reserved 1048576K
Event: 22.322 GC heap after
Heap after GC invocations=8 (full 1):
 PSYoungGen      total 120320K, used 6819K [0x00000000f5580000, 0x00000000fd800000, 0x0000000100000000)
  eden space 107520K, 0% used [0x00000000f5580000,0x00000000f5580000,0x00000000fbe80000)
  from space 12800K, 53% used [0x00000000fbe80000,0x00000000fc528eb0,0x00000000fcb00000)
  to   space 12800K, 0% used [0x00000000fcb00000,0x00000000fcb00000,0x00000000fd780000)
 ParOldGen       total 175104K, used 8207K [0x00000000e0000000, 0x00000000eab00000, 0x00000000f5580000)
  object space 175104K, 4% used [0x00000000e0000000,0x00000000e0803c50,0x00000000eab00000)
 Metaspace       used 33956K, capacity 35286K, committed 35456K, reserved 1079296K
  class space    used 4845K, capacity 5132K, committed 5248K, reserved 1048576K
}
Event: 22.322 GC heap before
{Heap before GC invocations=9 (full 2):
 PSYoungGen      total 120320K, used 6819K [0x00000000f5580000, 0x00000000fd800000, 0x0000000100000000)
  eden space 107520K, 0% used [0x00000000f5580000,0x00000000f5580000,0x00000000fbe80000)
  from space 12800K, 53% used [0x00000000fbe80000,0x00000000fc528eb0,0x00000000fcb00000)
  to   space 12800K, 0% used [0x00000000fcb00000,0x00000000fcb00000,0x00000000fd780000)
 ParOldGen       total 175104K, used 8207K [0x00000000e0000000, 0x00000000eab00000, 0x00000000f5580000)
  object space 175104K, 4% used [0x00000000e0000000,0x00000000e0803c50,0x00000000eab00000)
 Metaspace       used 33956K, capacity 35286K, committed 35456K, reserved 1079296K
  class space    used 4845K, capacity 5132K, committed 5248K, reserved 1048576K
Event: 22.416 GC heap after
Heap after GC invocations=9 (full 2):
 PSYoungGen      total 120320K, used 0K [0x00000000f5580000, 0x00000000fd800000, 0x0000000100000000)
  eden space 107520K, 0% used [0x00000000f5580000,0x00000000f5580000,0x00000000fbe80000)
  from space 12800K, 0% used [0x00000000fbe80000,0x00000000fbe80000,0x00000000fcb00000)
  to   space 12800K, 0% used [0x00000000fcb00000,0x00000000fcb00000,0x00000000fd780000)
 ParOldGen       total 175104K, used 13823K [0x00000000e0000000, 0x00000000eab00000, 0x00000000f5580000)
  object space 175104K, 7% used [0x00000000e0000000,0x00000000e0d7fca8,0x00000000eab00000)
 Metaspace       used 33956K, capacity 35286K, committed 35456K, reserved 1079296K
  class space    used 4845K, capacity 5132K, committed 5248K, reserved 1048576K
}
Event: 25.653 GC heap before
{Heap before GC invocations=10 (full 2):
 PSYoungGen      total 120320K, used 107520K [0x00000000f5580000, 0x00000000fd800000, 0x0000000100000000)
  eden space 107520K, 100% used [0x00000000f5580000,0x00000000fbe80000,0x00000000fbe80000)
  from space 12800K, 0% used [0x00000000fbe80000,0x00000000fbe80000,0x00000000fcb00000)
  to   space 12800K, 0% used [0x00000000fcb00000,0x00000000fcb00000,0x00000000fd780000)
 ParOldGen       total 175104K, used 13823K [0x00000000e0000000, 0x00000000eab00000, 0x00000000f5580000)
  object space 175104K, 7% used [0x00000000e0000000,0x00000000e0d7fca8,0x00000000eab00000)
 Metaspace       used 39188K, capacity 41058K, committed 41344K, reserved 1085440K
  class space    used 5604K, capacity 5947K, committed 6016K, reserved 1048576K
Event: 25.661 GC heap after
Heap after GC invocations=10 (full 2):
 PSYoungGen      total 120832K, used 6701K [0x00000000f5580000, 0x00000000fff00000, 0x0000000100000000)
  eden space 108032K, 0% used [0x00000000f5580000,0x00000000f5580000,0x00000000fbf00000)
  from space 12800K, 52% used [0x00000000fcb00000,0x00000000fd18b5b8,0x00000000fd780000)
  to   space 12288K, 0% used [0x00000000fbf00000,0x00000000fbf00000,0x00000000fcb00000)
 ParOldGen       total 175104K, used 13823K [0x00000000e0000000, 0x00000000eab00000, 0x00000000f5580000)
  object space 175104K, 7% used [0x00000000e0000000,0x00000000e0d7fca8,0x00000000eab00000)
 Metaspace       used 39188K, capacity 41058K, committed 41344K, reserved 1085440K
  class space    used 5604K, capacity 5947K, committed 6016K, reserved 1048576K
}

