# JRE version: Java(TM) SE Runtime Environment (8.0_311-b11) (build 1.8.0_311-b11)
# Java VM: Java HotSpot(TM) 64-Bit Server VM (25.311-b11 mixed mode windows-amd64 compressed oops)
Heap:
 PSYoungGen      total 161792K, used 159792K [0x00000000f5580000, 0x0000000100000000, 0x0000000100000000)
  eden space 148992K, 98% used [0x00000000f5580000,0x00000000fe516368,0x00000000fe700000)
  from space 12800K, 99% used [0x00000000fe700000,0x00000000ff375fe0,0x00000000ff380000)
  to   space 12800K, 0% used [0x00000000ff380000,0x00000000ff380000,0x0000000100000000)
 ParOldGen       total 175104K, used 14271K [0x00000000e0000000, 0x00000000eab00000, 0x00000000f5580000)
  object space 175104K, 8% used [0x00000000e0000000,0x00000000e0defde0,0x00000000eab00000)
 Metaspace       used 53777K, capacity 57324K, committed 57472K, reserved 1097728K
  class space    used 7698K, capacity 8303K, committed 8320K, reserved 1048576K
GC Heap History (10 events):
Event: 10.823 GC heap before
{Heap before GC invocations=7 (full 1):
 PSYoungGen      total 76288K, used 70580K [0x00000000f5580000, 0x00000000fd280000, 0x0000000100000000)
  eden space 65536K, 100% used [0x00000000f5580000,0x00000000f9580000,0x00000000f9580000)
  from space 10752K, 46% used [0x00000000f9580000,0x00000000f9a6d148,0x00000000fa000000)
  to   space 12800K, 0% used [0x00000000fc600000,0x00000000fc600000,0x00000000fd280000)
 ParOldGen       total 175104K, used 9580K [0x00000000e0000000, 0x00000000eab00000, 0x00000000f5580000)
  object space 175104K, 5% used [0x00000000e0000000,0x00000000e095b128,0x00000000eab00000)
 Metaspace       used 32775K, capacity 34104K, committed 34432K, reserved 1079296K
  class space    used 4655K, capacity 4933K, committed 4992K, reserved 1048576K
Event: 10.862 GC heap after
Heap after GC invocations=7 (full 1):
 PSYoungGen      total 115200K, used 9579K [0x00000000f5580000, 0x00000000fd580000, 0x0000000100000000)
  eden space 102400K, 0% used [0x00000000f5580000,0x00000000f5580000,0x00000000fb980000)
  from space 12800K, 74% used [0x00000000fc600000,0x00000000fcf5afd0,0x00000000fd280000)
  to   space 12800K, 0% used [0x00000000fb980000,0x00000000fb980000,0x00000000fc600000)
 ParOldGen       total 175104K, used 9588K [0x00000000e0000000, 0x00000000eab00000, 0x00000000f5580000)
  object space 175104K, 5% used [0x00000000e0000000,0x00000000e095d128,0x00000000eab00000)
 Metaspace       used 32775K, capacity 34104K, committed 34432K, reserved 1079296K
  class space    used 4655K, capacity 4933K, committed 4992K, reserved 1048576K
}
Event: 11.515 GC heap before
{Heap before GC invocations=8 (full 1):
 PSYoungGen      total 115200K, used 30345K [0x00000000f5580000, 0x00000000fd580000, 0x0000000100000000)
  eden space 102400K, 20% used [0x00000000f5580000,0x00000000f69c7508,0x00000000fb980000)
  from space 12800K, 74% used [0x00000000fc600000,0x00000000fcf5afd0,0x00000000fd280000)
  to   space 12800K, 0% used [0x00000000fb980000,0x00000000fb980000,0x00000000fc600000)
 ParOldGen       total 175104K, used 9588K [0x00000000e0000000, 0x00000000eab00000, 0x00000000f5580000)
  object space 175104K, 5% used [0x00000000e0000000,0x00000000e095d128,0x00000000eab00000)
 Metaspace       used 33956K, capacity 35294K, committed 35456K, reserved 1079296K
  class space    used 4852K, capacity 5132K, committed 5248K, reserved 1048576K
Event: 11.534 GC heap after
Heap after GC invocations=8 (full 1):
 PSYoungGen      total 115200K, used 6939K [0x00000000f5580000, 0x0000000100000000, 0x0000000100000000)
  eden space 102400K, 0% used [0x00000000f5580000,0x00000000f5580000,0x00000000fb980000)
  from space 12800K, 54% used [0x00000000fb980000,0x00000000fc046fe0,0x00000000fc600000)
  to   space 12800K, 0% used [0x00000000ff380000,0x00000000ff380000,0x0000000100000000)
 ParOldGen       total 175104K, used 9596K [0x00000000e0000000, 0x00000000eab00000, 0x00000000f5580000)
  object space 175104K, 5% used [0x00000000e0000000,0x00000000e095f128,0x00000000eab00000)
 Metaspace       used 33956K, capacity 35294K, committed 35456K, reserved 1079296K
  class space    used 4852K, capacity 5132K, committed 5248K, reserved 1048576K
}
Event: 11.534 GC heap before
{Heap before GC invocations=9 (full 2):
 PSYoungGen      total 115200K, used 6939K [0x00000000f5580000, 0x0000000100000000, 0x0000000100000000)
  eden space 102400K, 0% used [0x00000000f5580000,0x00000000f5580000,0x00000000fb980000)
  from space 12800K, 54% used [0x00000000fb980000,0x00000000fc046fe0,0x00000000fc600000)
  to   space 12800K, 0% used [0x00000000ff380000,0x00000000ff380000,0x0000000100000000)
 ParOldGen       total 175104K, used 9596K [0x00000000e0000000, 0x00000000eab00000, 0x00000000f5580000)
  object space 175104K, 5% used [0x00000000e0000000,0x00000000e095f128,0x00000000eab00000)
 Metaspace       used 33956K, capacity 35294K, committed 35456K, reserved 1079296K
  class space    used 4852K, capacity 5132K, committed 5248K, reserved 1048576K
Event: 11.612 GC heap after
Heap after GC invocations=9 (full 2):
 PSYoungGen      total 115200K, used 0K [0x00000000f5580000, 0x0000000100000000, 0x0000000100000000)
  eden space 102400K, 0% used [0x00000000f5580000,0x00000000f5580000,0x00000000fb980000)
  from space 12800K, 0% used [0x00000000fb980000,0x00000000fb980000,0x00000000fc600000)
  to   space 12800K, 0% used [0x00000000ff380000,0x00000000ff380000,0x0000000100000000)
 ParOldGen       total 175104K, used 14263K [0x00000000e0000000, 0x00000000eab00000, 0x00000000f5580000)
  object space 175104K, 8% used [0x00000000e0000000,0x00000000e0dedde0,0x00000000eab00000)
 Metaspace       used 33956K, capacity 35294K, committed 35456K, reserved 1079296K
  class space    used 4852K, capacity 5132K, committed 5248K, reserved 1048576K
}
Event: 14.288 GC heap before
{Heap before GC invocations=10 (full 2):
 PSYoungGen      total 115200K, used 102400K [0x00000000f5580000, 0x0000000100000000, 0x0000000100000000)
  eden space 102400K, 100% used [0x00000000f5580000,0x00000000fb980000,0x00000000fb980000)
  from space 12800K, 0% used [0x00000000fb980000,0x00000000fb980000,0x00000000fc600000)
  to   space 12800K, 0% used [0x00000000ff380000,0x00000000ff380000,0x0000000100000000)
 ParOldGen       total 175104K, used 14263K [0x00000000e0000000, 0x00000000eab00000, 0x00000000f5580000)
  object space 175104K, 8% used [0x00000000e0000000,0x00000000e0dedde0,0x00000000eab00000)
 Metaspace       used 38893K, capacity 40678K, committed 40832K, reserved 1083392K
  class space    used 5534K, capacity 5899K, committed 6016K, reserved 1048576K
Event: 14.301 GC heap after
Heap after GC invocations=10 (full 2):
 PSYoungGen      total 161792K, used 6382K [0x00000000f5580000, 0x0000000100000000, 0x0000000100000000)
  eden space 148992K, 0% used [0x00000000f5580000,0x00000000f5580000,0x00000000fe700000)
  from space 12800K, 49% used [0x00000000ff380000,0x00000000ff9bba58,0x0000000100000000)
  to   space 12800K, 0% used [0x00000000fe700000,0x00000000fe700000,0x00000000ff380000)
 ParOldGen       total 175104K, used 14263K [0x00000000e0000000, 0x00000000eab00000, 0x00000000f5580000)
  object space 175104K, 8% used [0x00000000e0000000,0x00000000e0dedde0,0x00000000eab00000)
 Metaspace       used 38893K, capacity 40678K, committed 40832K, reserved 1083392K
  class space    used 5534K, capacity 5899K, committed 6016K, reserved 1048576K
}
Event: 20.933 GC heap before
{Heap before GC invocations=11 (full 2):
 PSYoungGen      total 161792K, used 155374K [0x00000000f5580000, 0x0000000100000000, 0x0000000100000000)
  eden space 148992K, 100% used [0x00000000f5580000,0x00000000fe700000,0x00000000fe700000)
  from space 12800K, 49% used [0x00000000ff380000,0x00000000ff9bba58,0x0000000100000000)
  to   space 12800K, 0% used [0x00000000fe700000,0x00000000fe700000,0x00000000ff380000)
 ParOldGen       total 175104K, used 14263K [0x00000000e0000000, 0x00000000eab00000, 0x00000000f5580000)
  object space 175104K, 8% used [0x00000000e0000000,0x00000000e0dedde0,0x00000000eab00000)
 Metaspace       used 44781K, capacity 47512K, committed 47872K, reserved 1089536K
  class space    used 6512K, capacity 7045K, committed 7168K, reserved 1048576K
Event: 20.994 GC heap after
Heap after GC invocations=11 (full 2):
 PSYoungGen      total 161792K, used 12759K [0x00000000f5580000, 0x0000000100000000, 0x0000000100000000)
  eden space 148992K, 0% used [0x00000000f5580000,0x00000000f5580000,0x00000000fe700000)
  from space 12800K, 99% used [0x00000000fe700000,0x00000000ff375fe0,0x00000000ff380000)
  to   space 12800K, 0% used [0x00000000ff380000,0x00000000ff380000,0x0000000100000000)
 ParOldGen       total 175104K, used 14271K [0x00000000e0000000, 0x00000000eab00000, 0x00000000f5580000)
  object space 175104K, 8% used [0x00000000e0000000,0x00000000e0defde0,0x00000000eab00000)
 Metaspace       used 44781K, capacity 47512K, committed 47872K, reserved 1089536K
  class space    used 6512K, capacity 7045K, committed 7168K, reserved 1048576K
}

